Traceback (most recent call last):
  File "/home/pi/discord-bot-jackson/demo/test-bot.py", line 3, in <module>
    from dotenv import load_dotenv
ModuleNotFoundError: No module named 'dotenv'
[2023-08-23 16:22:44] [INFO    ] discord.client: logging in using static token
[2023-08-23 16:22:45] [INFO    ] discord.gateway: Shard ID None has connected to Gateway (Session ID: ee3753539716ed79c4d7daa4345ad387).
[2023-08-23 18:17:26] [INFO    ] discord.gateway: Shard ID None has successfully RESUMED session ee3753539716ed79c4d7daa4345ad387.
[2023-08-23 19:02:37] [INFO    ] discord.gateway: Shard ID None has successfully RESUMED session ee3753539716ed79c4d7daa4345ad387.
[2023-08-23 20:39:34] [INFO    ] discord.gateway: Shard ID None has successfully RESUMED session ee3753539716ed79c4d7daa4345ad387.
[2023-08-23 22:31:03] [INFO    ] discord.gateway: Shard ID None has successfully RESUMED session ee3753539716ed79c4d7daa4345ad387.
[2023-08-24 02:16:50] [INFO    ] discord.gateway: Shard ID None has successfully RESUMED session ee3753539716ed79c4d7daa4345ad387.
[2023-08-24 06:07:09] [INFO    ] discord.gateway: Shard ID None has successfully RESUMED session ee3753539716ed79c4d7daa4345ad387.
[2023-08-24 07:44:39] [INFO    ] discord.gateway: Shard ID None has successfully RESUMED session ee3753539716ed79c4d7daa4345ad387.
[2023-08-24 10:17:40] [INFO    ] discord.gateway: Shard ID None has successfully RESUMED session ee3753539716ed79c4d7daa4345ad387.
[2023-08-24 10:28:02] [INFO    ] discord.gateway: Shard ID None has successfully RESUMED session ee3753539716ed79c4d7daa4345ad387.
[2023-08-24 12:29:08] [INFO    ] discord.gateway: Shard ID None has successfully RESUMED session ee3753539716ed79c4d7daa4345ad387.
[2023-08-24 16:24:42] [INFO    ] discord.gateway: Shard ID None has successfully RESUMED session ee3753539716ed79c4d7daa4345ad387.
[2023-08-24 18:20:23] [INFO    ] discord.gateway: Shard ID None has successfully RESUMED session ee3753539716ed79c4d7daa4345ad387.
[2023-08-24 21:14:26] [INFO    ] discord.gateway: Shard ID None has successfully RESUMED session ee3753539716ed79c4d7daa4345ad387.
[2023-08-24 22:11:49] [INFO    ] discord.gateway: Shard ID None has successfully RESUMED session ee3753539716ed79c4d7daa4345ad387.
[2023-08-25 00:00:04] [INFO    ] discord.gateway: Shard ID None has successfully RESUMED session ee3753539716ed79c4d7daa4345ad387.
[2023-08-25 01:09:21] [INFO    ] discord.gateway: Shard ID None has successfully RESUMED session ee3753539716ed79c4d7daa4345ad387.
[2023-08-25 03:42:51] [INFO    ] discord.gateway: Shard ID None has successfully RESUMED session ee3753539716ed79c4d7daa4345ad387.
[2023-08-25 05:48:28] [INFO    ] discord.gateway: Shard ID None has successfully RESUMED session ee3753539716ed79c4d7daa4345ad387.
[2023-08-25 06:41:21] [INFO    ] discord.gateway: Shard ID None has successfully RESUMED session ee3753539716ed79c4d7daa4345ad387.
[2023-08-25 07:31:57] [INFO    ] discord.gateway: Shard ID None has successfully RESUMED session ee3753539716ed79c4d7daa4345ad387.
[2023-08-25 10:27:50] [INFO    ] discord.gateway: Shard ID None has successfully RESUMED session ee3753539716ed79c4d7daa4345ad387.
[2023-08-25 10:49:33] [INFO    ] discord.gateway: Shard ID None has successfully RESUMED session ee3753539716ed79c4d7daa4345ad387.
[2023-08-25 11:56:04] [INFO    ] discord.gateway: Shard ID None has successfully RESUMED session ee3753539716ed79c4d7daa4345ad387.
[2023-08-25 12:11:40] [INFO    ] discord.gateway: Shard ID None has successfully RESUMED session ee3753539716ed79c4d7daa4345ad387.
[2023-08-25 15:50:28] [INFO    ] discord.gateway: Shard ID None has successfully RESUMED session ee3753539716ed79c4d7daa4345ad387.
[2023-08-25 16:06:22] [INFO    ] discord.gateway: Shard ID None has successfully RESUMED session ee3753539716ed79c4d7daa4345ad387.
[2023-08-25 17:49:30] [INFO    ] discord.gateway: Shard ID None has successfully RESUMED session ee3753539716ed79c4d7daa4345ad387.
[2023-08-25 21:30:38] [INFO    ] discord.gateway: Shard ID None has successfully RESUMED session ee3753539716ed79c4d7daa4345ad387.
[2023-08-26 00:54:28] [INFO    ] discord.gateway: Shard ID None has successfully RESUMED session ee3753539716ed79c4d7daa4345ad387.
[2023-08-26 01:59:13] [INFO    ] discord.gateway: Shard ID None has successfully RESUMED session ee3753539716ed79c4d7daa4345ad387.
[2023-08-26 05:23:38] [INFO    ] discord.gateway: Shard ID None has successfully RESUMED session ee3753539716ed79c4d7daa4345ad387.
[2023-08-26 07:02:14] [INFO    ] discord.gateway: Shard ID None has successfully RESUMED session ee3753539716ed79c4d7daa4345ad387.
[2023-08-26 10:27:08] [INFO    ] discord.gateway: Shard ID None has successfully RESUMED session ee3753539716ed79c4d7daa4345ad387.
[2023-08-26 12:15:15] [INFO    ] discord.gateway: Shard ID None has successfully RESUMED session ee3753539716ed79c4d7daa4345ad387.
[2023-08-26 15:38:13] [INFO    ] discord.gateway: Shard ID None has successfully RESUMED session ee3753539716ed79c4d7daa4345ad387.
[2023-08-26 18:50:06] [INFO    ] discord.gateway: Shard ID None has successfully RESUMED session ee3753539716ed79c4d7daa4345ad387.
[2023-08-26 21:04:48] [INFO    ] discord.gateway: Shard ID None has successfully RESUMED session ee3753539716ed79c4d7daa4345ad387.
[2023-08-26 22:46:45] [INFO    ] discord.gateway: Shard ID None has successfully RESUMED session ee3753539716ed79c4d7daa4345ad387.
[2023-08-27 02:36:24] [INFO    ] discord.gateway: Shard ID None has successfully RESUMED session ee3753539716ed79c4d7daa4345ad387.
[2023-08-27 03:53:46] [INFO    ] discord.gateway: Shard ID None has successfully RESUMED session ee3753539716ed79c4d7daa4345ad387.
[2023-08-27 06:23:02] [INFO    ] discord.gateway: Shard ID None has successfully RESUMED session ee3753539716ed79c4d7daa4345ad387.
[2023-08-27 08:01:25] [INFO    ] discord.gateway: Shard ID None has successfully RESUMED session ee3753539716ed79c4d7daa4345ad387.
[2023-08-27 09:30:49] [INFO    ] discord.gateway: Shard ID None has successfully RESUMED session ee3753539716ed79c4d7daa4345ad387.
[2023-08-27 13:20:52] [INFO    ] discord.gateway: Shard ID None has successfully RESUMED session ee3753539716ed79c4d7daa4345ad387.
[2023-08-27 15:14:05] [INFO    ] discord.gateway: Shard ID None has successfully RESUMED session ee3753539716ed79c4d7daa4345ad387.
[2023-08-27 17:15:41] [INFO    ] discord.gateway: Shard ID None has successfully RESUMED session ee3753539716ed79c4d7daa4345ad387.
[2023-08-27 21:00:35] [INFO    ] discord.gateway: Shard ID None has successfully RESUMED session ee3753539716ed79c4d7daa4345ad387.
[2023-08-27 21:48:35] [INFO    ] discord.gateway: Shard ID None has successfully RESUMED session ee3753539716ed79c4d7daa4345ad387.
[2023-08-28 00:17:40] [INFO    ] discord.gateway: Shard ID None has successfully RESUMED session ee3753539716ed79c4d7daa4345ad387.
[2023-08-28 03:08:27] [INFO    ] discord.gateway: Shard ID None has successfully RESUMED session ee3753539716ed79c4d7daa4345ad387.
[2023-08-28 06:43:38] [INFO    ] discord.gateway: Shard ID None has successfully RESUMED session ee3753539716ed79c4d7daa4345ad387.
[2023-08-28 10:17:20] [INFO    ] discord.gateway: Shard ID None has successfully RESUMED session ee3753539716ed79c4d7daa4345ad387.
[2023-08-28 13:43:41] [INFO    ] discord.gateway: Shard ID None has successfully RESUMED session ee3753539716ed79c4d7daa4345ad387.
[2023-08-28 14:12:00] [INFO    ] discord.gateway: Shard ID None has successfully RESUMED session ee3753539716ed79c4d7daa4345ad387.
[2023-08-28 17:49:09] [INFO    ] discord.gateway: Shard ID None has successfully RESUMED session ee3753539716ed79c4d7daa4345ad387.
[2023-08-28 21:33:27] [INFO    ] discord.gateway: Shard ID None has successfully RESUMED session ee3753539716ed79c4d7daa4345ad387.
[2023-08-28 22:05:43] [INFO    ] discord.gateway: Shard ID None has successfully RESUMED session ee3753539716ed79c4d7daa4345ad387.
[2023-08-28 23:19:12] [INFO    ] discord.gateway: Shard ID None has successfully RESUMED session ee3753539716ed79c4d7daa4345ad387.
[2023-08-29 01:09:28] [INFO    ] discord.gateway: Shard ID None has successfully RESUMED session ee3753539716ed79c4d7daa4345ad387.
[2023-08-29 03:35:22] [INFO    ] discord.gateway: Shard ID None has successfully RESUMED session ee3753539716ed79c4d7daa4345ad387.
[2023-08-29 05:03:41] [INFO    ] discord.gateway: Shard ID None has successfully RESUMED session ee3753539716ed79c4d7daa4345ad387.
[2023-08-29 08:31:11] [INFO    ] discord.gateway: Shard ID None has successfully RESUMED session ee3753539716ed79c4d7daa4345ad387.
[2023-08-29 11:14:10] [INFO    ] discord.gateway: Shard ID None has successfully RESUMED session ee3753539716ed79c4d7daa4345ad387.
[2023-08-29 15:10:15] [INFO    ] discord.gateway: Shard ID None has successfully RESUMED session ee3753539716ed79c4d7daa4345ad387.
[2023-08-29 15:53:56] [INFO    ] discord.gateway: Shard ID None has successfully RESUMED session ee3753539716ed79c4d7daa4345ad387.
[2023-08-29 16:52:58] [INFO    ] discord.gateway: Shard ID None has successfully RESUMED session ee3753539716ed79c4d7daa4345ad387.
[2023-08-29 17:09:15] [INFO    ] discord.gateway: Shard ID None has successfully RESUMED session ee3753539716ed79c4d7daa4345ad387.
[2023-08-29 17:40:48] [INFO    ] discord.gateway: Shard ID None has successfully RESUMED session ee3753539716ed79c4d7daa4345ad387.
[2023-08-29 20:26:24] [INFO    ] discord.gateway: Shard ID None has successfully RESUMED session ee3753539716ed79c4d7daa4345ad387.
[2023-08-29 21:09:04] [INFO    ] discord.gateway: Shard ID None has successfully RESUMED session ee3753539716ed79c4d7daa4345ad387.
[2023-08-30 01:05:12] [INFO    ] discord.gateway: Shard ID None has successfully RESUMED session ee3753539716ed79c4d7daa4345ad387.
[2023-08-30 02:24:06] [INFO    ] discord.gateway: Shard ID None has successfully RESUMED session ee3753539716ed79c4d7daa4345ad387.
[2023-08-30 05:50:18] [INFO    ] discord.gateway: Shard ID None has successfully RESUMED session ee3753539716ed79c4d7daa4345ad387.
[2023-08-30 08:35:45] [INFO    ] discord.gateway: Shard ID None has successfully RESUMED session ee3753539716ed79c4d7daa4345ad387.
[2023-08-30 09:57:17] [INFO    ] discord.gateway: Shard ID None has successfully RESUMED session ee3753539716ed79c4d7daa4345ad387.
[2023-08-30 12:56:44] [INFO    ] discord.gateway: Shard ID None has successfully RESUMED session ee3753539716ed79c4d7daa4345ad387.
[2023-08-30 16:33:30] [INFO    ] discord.gateway: Shard ID None has successfully RESUMED session ee3753539716ed79c4d7daa4345ad387.
[2023-08-30 20:15:09] [INFO    ] discord.gateway: Shard ID None has successfully RESUMED session ee3753539716ed79c4d7daa4345ad387.
[2023-08-30 22:29:16] [INFO    ] discord.gateway: Shard ID None has successfully RESUMED session ee3753539716ed79c4d7daa4345ad387.
[2023-08-31 01:38:26] [INFO    ] discord.gateway: Shard ID None has successfully RESUMED session ee3753539716ed79c4d7daa4345ad387.
[2023-08-31 01:54:08] [INFO    ] discord.gateway: Shard ID None has successfully RESUMED session ee3753539716ed79c4d7daa4345ad387.
[2023-08-31 02:18:05] [INFO    ] discord.gateway: Shard ID None has successfully RESUMED session ee3753539716ed79c4d7daa4345ad387.
[2023-08-31 02:25:22] [INFO    ] discord.gateway: Shard ID None has successfully RESUMED session ee3753539716ed79c4d7daa4345ad387.
[2023-08-31 04:19:06] [INFO    ] discord.gateway: Shard ID None has successfully RESUMED session ee3753539716ed79c4d7daa4345ad387.
[2023-08-31 06:29:56] [INFO    ] discord.gateway: Shard ID None has successfully RESUMED session ee3753539716ed79c4d7daa4345ad387.
[2023-08-31 07:32:50] [INFO    ] discord.gateway: Shard ID None has successfully RESUMED session ee3753539716ed79c4d7daa4345ad387.
[2023-08-31 10:22:55] [INFO    ] discord.gateway: Shard ID None has successfully RESUMED session ee3753539716ed79c4d7daa4345ad387.
[2023-08-31 13:13:02] [INFO    ] discord.gateway: Shard ID None has successfully RESUMED session ee3753539716ed79c4d7daa4345ad387.
[2023-08-31 14:26:26] [INFO    ] discord.gateway: Shard ID None has successfully RESUMED session ee3753539716ed79c4d7daa4345ad387.
[2023-08-31 15:49:37] [INFO    ] discord.gateway: Shard ID None has successfully RESUMED session ee3753539716ed79c4d7daa4345ad387.
[2023-08-31 16:25:45] [INFO    ] discord.gateway: Shard ID None has successfully RESUMED session ee3753539716ed79c4d7daa4345ad387.
[2023-08-31 17:34:04] [INFO    ] discord.gateway: Shard ID None has successfully RESUMED session ee3753539716ed79c4d7daa4345ad387.
[2023-08-31 19:22:42] [INFO    ] discord.gateway: Shard ID None has successfully RESUMED session ee3753539716ed79c4d7daa4345ad387.
[2023-08-31 20:28:04] [INFO    ] discord.gateway: Shard ID None has successfully RESUMED session ee3753539716ed79c4d7daa4345ad387.
[2023-08-31 22:40:14] [INFO    ] discord.gateway: Shard ID None has successfully RESUMED session ee3753539716ed79c4d7daa4345ad387.
[2023-09-01 01:50:18] [INFO    ] discord.gateway: Shard ID None has successfully RESUMED session ee3753539716ed79c4d7daa4345ad387.
[2023-09-01 05:41:29] [INFO    ] discord.gateway: Shard ID None has successfully RESUMED session ee3753539716ed79c4d7daa4345ad387.
[2023-09-01 06:07:57] [INFO    ] discord.gateway: Shard ID None has successfully RESUMED session ee3753539716ed79c4d7daa4345ad387.
[2023-09-01 06:37:54] [INFO    ] discord.gateway: Shard ID None has successfully RESUMED session ee3753539716ed79c4d7daa4345ad387.
[2023-09-01 09:38:30] [INFO    ] discord.gateway: Shard ID None has successfully RESUMED session ee3753539716ed79c4d7daa4345ad387.
[2023-09-01 10:11:16] [INFO    ] discord.gateway: Shard ID None has successfully RESUMED session ee3753539716ed79c4d7daa4345ad387.
[2023-09-01 11:06:48] [INFO    ] discord.gateway: Shard ID None has successfully RESUMED session ee3753539716ed79c4d7daa4345ad387.
[2023-09-01 11:25:54] [INFO    ] discord.gateway: Shard ID None has successfully RESUMED session ee3753539716ed79c4d7daa4345ad387.
[2023-09-01 12:28:43] [INFO    ] discord.gateway: Shard ID None has successfully RESUMED session ee3753539716ed79c4d7daa4345ad387.
[2023-09-01 13:11:27] [INFO    ] discord.gateway: Shard ID None has successfully RESUMED session ee3753539716ed79c4d7daa4345ad387.
[2023-09-01 14:54:34] [INFO    ] discord.gateway: Shard ID None has successfully RESUMED session ee3753539716ed79c4d7daa4345ad387.
[2023-09-01 18:37:06] [INFO    ] discord.gateway: Shard ID None has successfully RESUMED session ee3753539716ed79c4d7daa4345ad387.
[2023-09-01 20:26:46] [INFO    ] discord.gateway: Shard ID None has successfully RESUMED session ee3753539716ed79c4d7daa4345ad387.
[2023-09-01 22:11:48] [INFO    ] discord.gateway: Shard ID None has successfully RESUMED session ee3753539716ed79c4d7daa4345ad387.
[2023-09-01 23:20:38] [INFO    ] discord.gateway: Shard ID None has successfully RESUMED session ee3753539716ed79c4d7daa4345ad387.
[2023-09-02 00:11:45] [INFO    ] discord.gateway: Shard ID None has successfully RESUMED session ee3753539716ed79c4d7daa4345ad387.
[2023-09-02 03:16:42] [INFO    ] discord.gateway: Shard ID None has successfully RESUMED session ee3753539716ed79c4d7daa4345ad387.
[2023-09-02 04:18:29] [INFO    ] discord.gateway: Shard ID None has successfully RESUMED session ee3753539716ed79c4d7daa4345ad387.
[2023-09-02 05:18:30] [INFO    ] discord.gateway: Shard ID None has successfully RESUMED session ee3753539716ed79c4d7daa4345ad387.
[2023-09-02 06:04:42] [INFO    ] discord.gateway: Shard ID None has successfully RESUMED session ee3753539716ed79c4d7daa4345ad387.
[2023-09-02 06:34:08] [INFO    ] discord.gateway: Shard ID None has successfully RESUMED session ee3753539716ed79c4d7daa4345ad387.
[2023-09-02 10:25:30] [INFO    ] discord.gateway: Shard ID None has successfully RESUMED session ee3753539716ed79c4d7daa4345ad387.
[2023-09-02 14:15:17] [INFO    ] discord.gateway: Shard ID None has successfully RESUMED session ee3753539716ed79c4d7daa4345ad387.
[2023-09-02 16:36:44] [INFO    ] discord.gateway: Shard ID None has successfully RESUMED session ee3753539716ed79c4d7daa4345ad387.
[2023-09-02 16:57:59] [INFO    ] discord.gateway: Shard ID None has successfully RESUMED session ee3753539716ed79c4d7daa4345ad387.
[2023-09-02 20:43:19] [INFO    ] discord.gateway: Shard ID None has successfully RESUMED session ee3753539716ed79c4d7daa4345ad387.
[2023-09-03 00:02:59] [INFO    ] discord.gateway: Shard ID None has successfully RESUMED session ee3753539716ed79c4d7daa4345ad387.
[2023-09-03 02:43:51] [INFO    ] discord.gateway: Shard ID None has successfully RESUMED session ee3753539716ed79c4d7daa4345ad387.
[2023-09-03 05:15:14] [INFO    ] discord.gateway: Shard ID None has successfully RESUMED session ee3753539716ed79c4d7daa4345ad387.
[2023-09-03 08:35:10] [INFO    ] discord.gateway: Shard ID None has successfully RESUMED session ee3753539716ed79c4d7daa4345ad387.
[2023-09-03 08:53:56] [INFO    ] discord.gateway: Shard ID None has successfully RESUMED session ee3753539716ed79c4d7daa4345ad387.
[2023-09-03 12:06:52] [INFO    ] discord.gateway: Shard ID None has successfully RESUMED session ee3753539716ed79c4d7daa4345ad387.
[2023-09-03 15:59:36] [INFO    ] discord.gateway: Shard ID None has successfully RESUMED session ee3753539716ed79c4d7daa4345ad387.
[2023-09-03 17:04:02] [INFO    ] discord.gateway: Shard ID None has successfully RESUMED session ee3753539716ed79c4d7daa4345ad387.
[2023-09-03 18:42:29] [INFO    ] discord.gateway: Shard ID None has successfully RESUMED session ee3753539716ed79c4d7daa4345ad387.
[2023-09-03 19:20:38] [INFO    ] discord.gateway: Shard ID None has successfully RESUMED session ee3753539716ed79c4d7daa4345ad387.
[2023-09-03 22:38:35] [INFO    ] discord.gateway: Shard ID None has successfully RESUMED session ee3753539716ed79c4d7daa4345ad387.
[2023-09-04 00:16:32] [INFO    ] discord.gateway: Shard ID None has successfully RESUMED session ee3753539716ed79c4d7daa4345ad387.
[2023-09-04 03:24:53] [INFO    ] discord.gateway: Shard ID None has successfully RESUMED session ee3753539716ed79c4d7daa4345ad387.
[2023-09-04 06:58:14] [INFO    ] discord.gateway: Shard ID None has successfully RESUMED session ee3753539716ed79c4d7daa4345ad387.
[2023-09-04 07:14:29] [INFO    ] discord.gateway: Shard ID None has successfully RESUMED session ee3753539716ed79c4d7daa4345ad387.
[2023-09-04 09:30:57] [INFO    ] discord.gateway: Shard ID None has successfully RESUMED session ee3753539716ed79c4d7daa4345ad387.
[2023-09-04 09:38:43] [INFO    ] discord.gateway: Shard ID None has successfully RESUMED session ee3753539716ed79c4d7daa4345ad387.
[2023-09-04 10:04:24] [INFO    ] discord.gateway: Shard ID None has successfully RESUMED session ee3753539716ed79c4d7daa4345ad387.
[2023-09-04 11:06:58] [INFO    ] discord.gateway: Shard ID None has successfully RESUMED session ee3753539716ed79c4d7daa4345ad387.
[2023-09-04 12:47:56] [INFO    ] discord.gateway: Shard ID None has successfully RESUMED session ee3753539716ed79c4d7daa4345ad387.
[2023-09-04 14:51:18] [INFO    ] discord.gateway: Shard ID None has successfully RESUMED session ee3753539716ed79c4d7daa4345ad387.
[2023-09-04 17:02:06] [INFO    ] discord.gateway: Shard ID None has successfully RESUMED session ee3753539716ed79c4d7daa4345ad387.
[2023-09-04 20:22:58] [INFO    ] discord.gateway: Shard ID None has successfully RESUMED session ee3753539716ed79c4d7daa4345ad387.
[2023-09-04 22:45:02] [INFO    ] discord.gateway: Shard ID None has successfully RESUMED session ee3753539716ed79c4d7daa4345ad387.
[2023-09-05 01:27:09] [INFO    ] discord.gateway: Shard ID None has successfully RESUMED session ee3753539716ed79c4d7daa4345ad387.
[2023-09-05 03:55:22] [INFO    ] discord.gateway: Shard ID None has successfully RESUMED session ee3753539716ed79c4d7daa4345ad387.
[2023-09-05 06:01:07] [INFO    ] discord.gateway: Shard ID None has successfully RESUMED session ee3753539716ed79c4d7daa4345ad387.
[2023-09-05 07:48:37] [ERROR   ] discord.client: Attempting a reconnect in 0.46s
Traceback (most recent call last):
  File "/home/pi/discord-bot-jackson/venv/lib/python3.9/site-packages/discord/client.py", line 659, in connect
    await self.ws.poll_event()
  File "/home/pi/discord-bot-jackson/venv/lib/python3.9/site-packages/discord/gateway.py", line 646, in poll_event
    raise ConnectionClosed(self.socket, shard_id=self.shard_id, code=code) from None
discord.errors.ConnectionClosed: Shard ID None WebSocket closed with 1000
[2023-09-05 07:49:37] [ERROR   ] discord.client: Attempting a reconnect in 2.01s
Traceback (most recent call last):
  File "/home/pi/discord-bot-jackson/venv/lib/python3.9/site-packages/discord/gateway.py", line 372, in from_client
    socket = await client.http.ws_connect(str(url))
  File "/home/pi/discord-bot-jackson/venv/lib/python3.9/site-packages/discord/http.py", line 537, in ws_connect
    return await self.__session.ws_connect(url, **kwargs)
  File "/home/pi/discord-bot-jackson/venv/lib/python3.9/site-packages/aiohttp/client.py", line 779, in _ws_connect
    resp = await self.request(
  File "/home/pi/discord-bot-jackson/venv/lib/python3.9/site-packages/aiohttp/client.py", line 536, in _request
    conn = await self._connector.connect(
  File "/home/pi/discord-bot-jackson/venv/lib/python3.9/site-packages/aiohttp/connector.py", line 540, in connect
    proto = await self._create_connection(req, traces, timeout)
  File "/home/pi/discord-bot-jackson/venv/lib/python3.9/site-packages/aiohttp/connector.py", line 901, in _create_connection
    _, proto = await self._create_direct_connection(req, traces, timeout)
  File "/home/pi/discord-bot-jackson/venv/lib/python3.9/site-packages/aiohttp/connector.py", line 1178, in _create_direct_connection
    transp, proto = await self._wrap_create_connection(
  File "/home/pi/discord-bot-jackson/venv/lib/python3.9/site-packages/aiohttp/connector.py", line 980, in _wrap_create_connection
    return await self._loop.create_connection(*args, **kwargs)  # type: ignore[return-value]  # noqa
  File "/usr/lib/python3.9/asyncio/base_events.py", line 1041, in create_connection
    sock = await self._connect_sock(
  File "/usr/lib/python3.9/asyncio/base_events.py", line 955, in _connect_sock
    await self.sock_connect(sock, address)
  File "/usr/lib/python3.9/asyncio/selector_events.py", line 502, in sock_connect
    return await fut
asyncio.exceptions.CancelledError

During handling of the above exception, another exception occurred:

Traceback (most recent call last):
  File "/usr/lib/python3.9/asyncio/tasks.py", line 492, in wait_for
    fut.result()
asyncio.exceptions.CancelledError

The above exception was the direct cause of the following exception:

Traceback (most recent call last):
  File "/home/pi/discord-bot-jackson/venv/lib/python3.9/site-packages/discord/client.py", line 656, in connect
    self.ws = await asyncio.wait_for(coro, timeout=60.0)
  File "/usr/lib/python3.9/asyncio/tasks.py", line 494, in wait_for
    raise exceptions.TimeoutError() from exc
asyncio.exceptions.TimeoutError
[2023-09-05 07:49:39] [INFO    ] discord.gateway: Shard ID None has successfully RESUMED session ee3753539716ed79c4d7daa4345ad387.
[2023-09-05 10:24:25] [INFO    ] discord.gateway: Shard ID None has successfully RESUMED session ee3753539716ed79c4d7daa4345ad387.
[2023-09-05 13:04:33] [INFO    ] discord.gateway: Shard ID None has successfully RESUMED session ee3753539716ed79c4d7daa4345ad387.
[2023-09-05 16:08:56] [INFO    ] discord.gateway: Shard ID None has successfully RESUMED session ee3753539716ed79c4d7daa4345ad387.
[2023-09-05 18:24:11] [INFO    ] discord.gateway: Shard ID None has successfully RESUMED session ee3753539716ed79c4d7daa4345ad387.
[2023-09-05 22:15:15] [INFO    ] discord.gateway: Shard ID None has successfully RESUMED session ee3753539716ed79c4d7daa4345ad387.
[2023-09-06 01:16:28] [INFO    ] discord.gateway: Shard ID None has successfully RESUMED session ee3753539716ed79c4d7daa4345ad387.
[2023-09-06 01:41:02] [INFO    ] discord.gateway: Shard ID None has successfully RESUMED session ee3753539716ed79c4d7daa4345ad387.
[2023-09-06 04:19:25] [INFO    ] discord.gateway: Shard ID None has successfully RESUMED session ee3753539716ed79c4d7daa4345ad387.
[2023-09-06 07:36:14] [INFO    ] discord.gateway: Shard ID None has successfully RESUMED session ee3753539716ed79c4d7daa4345ad387.
[2023-09-06 08:07:10] [INFO    ] discord.gateway: Shard ID None has successfully RESUMED session ee3753539716ed79c4d7daa4345ad387.
[2023-09-06 10:30:23] [INFO    ] discord.gateway: Shard ID None has successfully RESUMED session ee3753539716ed79c4d7daa4345ad387.
[2023-09-06 12:18:01] [INFO    ] discord.gateway: Shard ID None has successfully RESUMED session ee3753539716ed79c4d7daa4345ad387.
[2023-09-06 16:12:13] [INFO    ] discord.gateway: Shard ID None has successfully RESUMED session ee3753539716ed79c4d7daa4345ad387.
[2023-09-06 16:38:43] [INFO    ] discord.gateway: Shard ID None has successfully RESUMED session ee3753539716ed79c4d7daa4345ad387.
[2023-09-06 17:06:27] [INFO    ] discord.gateway: Shard ID None has successfully RESUMED session ee3753539716ed79c4d7daa4345ad387.
[2023-09-06 17:47:50] [INFO    ] discord.gateway: Shard ID None has successfully RESUMED session ee3753539716ed79c4d7daa4345ad387.
[2023-09-06 20:09:15] [INFO    ] discord.gateway: Shard ID None has successfully RESUMED session ee3753539716ed79c4d7daa4345ad387.
[2023-09-06 21:03:38] [INFO    ] discord.gateway: Shard ID None has successfully RESUMED session ee3753539716ed79c4d7daa4345ad387.
[2023-09-06 22:09:39] [INFO    ] discord.gateway: Shard ID None has successfully RESUMED session ee3753539716ed79c4d7daa4345ad387.
[2023-09-07 00:42:08] [INFO    ] discord.gateway: Shard ID None has successfully RESUMED session ee3753539716ed79c4d7daa4345ad387.
[2023-09-07 01:23:23] [INFO    ] discord.gateway: Shard ID None has successfully RESUMED session ee3753539716ed79c4d7daa4345ad387.
[2023-09-07 01:36:20] [INFO    ] discord.gateway: Shard ID None has successfully RESUMED session ee3753539716ed79c4d7daa4345ad387.
[2023-09-07 03:02:27] [INFO    ] discord.gateway: Shard ID None has successfully RESUMED session ee3753539716ed79c4d7daa4345ad387.
[2023-09-07 04:26:39] [INFO    ] discord.gateway: Shard ID None has successfully RESUMED session ee3753539716ed79c4d7daa4345ad387.
[2023-09-07 06:14:00] [INFO    ] discord.gateway: Shard ID None has successfully RESUMED session ee3753539716ed79c4d7daa4345ad387.
[2023-09-07 09:07:22] [INFO    ] discord.gateway: Shard ID None has successfully RESUMED session ee3753539716ed79c4d7daa4345ad387.
[2023-09-07 09:38:06] [INFO    ] discord.gateway: Shard ID None has successfully RESUMED session ee3753539716ed79c4d7daa4345ad387.
[2023-09-07 09:56:14] [INFO    ] discord.gateway: Shard ID None has successfully RESUMED session ee3753539716ed79c4d7daa4345ad387.
[2023-09-07 11:14:23] [INFO    ] discord.gateway: Shard ID None has successfully RESUMED session ee3753539716ed79c4d7daa4345ad387.
[2023-09-07 12:36:18] [INFO    ] discord.gateway: Shard ID None has successfully RESUMED session ee3753539716ed79c4d7daa4345ad387.
[2023-09-07 15:11:21] [INFO    ] discord.gateway: Shard ID None has successfully RESUMED session ee3753539716ed79c4d7daa4345ad387.
[2023-09-07 15:37:43] [INFO    ] discord.gateway: Shard ID None has successfully RESUMED session ee3753539716ed79c4d7daa4345ad387.
[2023-09-07 19:06:19] [INFO    ] discord.gateway: Shard ID None has successfully RESUMED session ee3753539716ed79c4d7daa4345ad387.
[2023-09-07 19:21:17] [INFO    ] discord.gateway: Shard ID None has successfully RESUMED session ee3753539716ed79c4d7daa4345ad387.
[2023-09-07 22:59:09] [INFO    ] discord.gateway: Shard ID None has successfully RESUMED session ee3753539716ed79c4d7daa4345ad387.
[2023-09-07 23:25:36] [INFO    ] discord.gateway: Shard ID None has successfully RESUMED session ee3753539716ed79c4d7daa4345ad387.
[2023-09-08 00:40:33] [INFO    ] discord.gateway: Shard ID None has successfully RESUMED session ee3753539716ed79c4d7daa4345ad387.
[2023-09-08 02:26:56] [INFO    ] discord.gateway: Shard ID None has successfully RESUMED session ee3753539716ed79c4d7daa4345ad387.
[2023-09-08 05:04:23] [INFO    ] discord.gateway: Shard ID None has successfully RESUMED session ee3753539716ed79c4d7daa4345ad387.
[2023-09-08 08:25:37] [INFO    ] discord.gateway: Shard ID None has successfully RESUMED session ee3753539716ed79c4d7daa4345ad387.
[2023-09-08 08:36:30] [INFO    ] discord.gateway: Shard ID None has successfully RESUMED session ee3753539716ed79c4d7daa4345ad387.
[2023-09-08 09:26:12] [INFO    ] discord.gateway: Shard ID None has successfully RESUMED session ee3753539716ed79c4d7daa4345ad387.
[2023-09-08 10:28:22] [INFO    ] discord.gateway: Shard ID None has successfully RESUMED session ee3753539716ed79c4d7daa4345ad387.
[2023-09-08 11:01:17] [INFO    ] discord.gateway: Shard ID None has successfully RESUMED session ee3753539716ed79c4d7daa4345ad387.
[2023-09-08 11:34:28] [INFO    ] discord.gateway: Shard ID None has successfully RESUMED session ee3753539716ed79c4d7daa4345ad387.
[2023-09-08 14:45:03] [INFO    ] discord.gateway: Shard ID None has successfully RESUMED session ee3753539716ed79c4d7daa4345ad387.
[2023-09-08 17:34:07] [INFO    ] discord.gateway: Shard ID None has successfully RESUMED session ee3753539716ed79c4d7daa4345ad387.
[2023-09-08 19:02:54] [INFO    ] discord.gateway: Shard ID None has successfully RESUMED session ee3753539716ed79c4d7daa4345ad387.
[2023-09-08 22:25:40] [INFO    ] discord.gateway: Shard ID None has successfully RESUMED session ee3753539716ed79c4d7daa4345ad387.
[2023-09-08 22:26:33] [INFO    ] discord.gateway: Shard ID None has successfully RESUMED session ee3753539716ed79c4d7daa4345ad387.
[2023-09-08 22:50:05] [INFO    ] discord.gateway: Shard ID None has successfully RESUMED session ee3753539716ed79c4d7daa4345ad387.
[2023-09-09 02:12:35] [INFO    ] discord.gateway: Shard ID None has successfully RESUMED session ee3753539716ed79c4d7daa4345ad387.
[2023-09-09 02:27:37] [INFO    ] discord.gateway: Shard ID None has successfully RESUMED session ee3753539716ed79c4d7daa4345ad387.
[2023-09-09 05:59:14] [INFO    ] discord.gateway: Shard ID None has successfully RESUMED session ee3753539716ed79c4d7daa4345ad387.
[2023-09-09 09:15:41] [INFO    ] discord.gateway: Shard ID None has successfully RESUMED session ee3753539716ed79c4d7daa4345ad387.
[2023-09-09 10:59:20] [INFO    ] discord.gateway: Shard ID None has successfully RESUMED session ee3753539716ed79c4d7daa4345ad387.
[2023-09-09 11:48:00] [INFO    ] discord.gateway: Shard ID None has successfully RESUMED session ee3753539716ed79c4d7daa4345ad387.
[2023-09-09 12:47:21] [INFO    ] discord.gateway: Shard ID None has successfully RESUMED session ee3753539716ed79c4d7daa4345ad387.
[2023-09-09 14:48:43] [INFO    ] discord.gateway: Shard ID None has successfully RESUMED session ee3753539716ed79c4d7daa4345ad387.
[2023-09-09 18:32:06] [INFO    ] discord.gateway: Shard ID None has successfully RESUMED session ee3753539716ed79c4d7daa4345ad387.
[2023-09-09 20:36:18] [INFO    ] discord.gateway: Shard ID None has successfully RESUMED session ee3753539716ed79c4d7daa4345ad387.
[2023-09-09 22:57:02] [INFO    ] discord.gateway: Shard ID None has successfully RESUMED session ee3753539716ed79c4d7daa4345ad387.
[2023-09-09 23:16:50] [INFO    ] discord.gateway: Shard ID None has successfully RESUMED session ee3753539716ed79c4d7daa4345ad387.
[2023-09-10 03:07:59] [INFO    ] discord.gateway: Shard ID None has successfully RESUMED session ee3753539716ed79c4d7daa4345ad387.
[2023-09-10 06:25:01] [INFO    ] discord.gateway: Shard ID None has successfully RESUMED session ee3753539716ed79c4d7daa4345ad387.
[2023-09-10 08:07:45] [INFO    ] discord.gateway: Shard ID None has successfully RESUMED session ee3753539716ed79c4d7daa4345ad387.
[2023-09-10 10:20:02] [INFO    ] discord.gateway: Shard ID None has successfully RESUMED session ee3753539716ed79c4d7daa4345ad387.
[2023-09-10 12:24:24] [INFO    ] discord.gateway: Shard ID None has successfully RESUMED session ee3753539716ed79c4d7daa4345ad387.
[2023-09-10 15:58:35] [INFO    ] discord.gateway: Shard ID None has successfully RESUMED session ee3753539716ed79c4d7daa4345ad387.
[2023-09-10 18:50:21] [INFO    ] discord.gateway: Shard ID None has successfully RESUMED session ee3753539716ed79c4d7daa4345ad387.
[2023-09-10 20:10:51] [INFO    ] discord.gateway: Shard ID None has successfully RESUMED session ee3753539716ed79c4d7daa4345ad387.
[2023-09-10 20:25:09] [INFO    ] discord.gateway: Shard ID None has successfully RESUMED session ee3753539716ed79c4d7daa4345ad387.
[2023-09-10 20:54:52] [INFO    ] discord.gateway: Shard ID None has successfully RESUMED session ee3753539716ed79c4d7daa4345ad387.
[2023-09-10 21:16:04] [INFO    ] discord.gateway: Shard ID None has successfully RESUMED session ee3753539716ed79c4d7daa4345ad387.
[2023-09-10 23:44:46] [INFO    ] discord.gateway: Shard ID None has successfully RESUMED session ee3753539716ed79c4d7daa4345ad387.
[2023-09-11 00:41:07] [INFO    ] discord.gateway: Shard ID None has successfully RESUMED session ee3753539716ed79c4d7daa4345ad387.
[2023-09-11 02:15:52] [INFO    ] discord.gateway: Shard ID None has successfully RESUMED session ee3753539716ed79c4d7daa4345ad387.
[2023-09-11 05:34:41] [INFO    ] discord.gateway: Shard ID None has successfully RESUMED session ee3753539716ed79c4d7daa4345ad387.
[2023-09-11 06:11:52] [INFO    ] discord.gateway: Shard ID None has successfully RESUMED session ee3753539716ed79c4d7daa4345ad387.
[2023-09-11 09:19:34] [INFO    ] discord.gateway: Shard ID None has successfully RESUMED session ee3753539716ed79c4d7daa4345ad387.
[2023-09-11 11:51:17] [INFO    ] discord.gateway: Shard ID None has successfully RESUMED session ee3753539716ed79c4d7daa4345ad387.
[2023-09-11 14:42:30] [INFO    ] discord.gateway: Shard ID None has successfully RESUMED session ee3753539716ed79c4d7daa4345ad387.
[2023-09-11 15:05:22] [INFO    ] discord.gateway: Shard ID None has successfully RESUMED session ee3753539716ed79c4d7daa4345ad387.
[2023-09-11 17:13:46] [INFO    ] discord.gateway: Shard ID None has successfully RESUMED session ee3753539716ed79c4d7daa4345ad387.
[2023-09-11 18:15:09] [INFO    ] discord.gateway: Shard ID None has successfully RESUMED session ee3753539716ed79c4d7daa4345ad387.
[2023-09-11 20:10:17] [INFO    ] discord.gateway: Shard ID None has successfully RESUMED session ee3753539716ed79c4d7daa4345ad387.
[2023-09-11 20:55:29] [INFO    ] discord.gateway: Shard ID None has successfully RESUMED session ee3753539716ed79c4d7daa4345ad387.
[2023-09-11 21:57:17] [INFO    ] discord.gateway: Shard ID None has successfully RESUMED session ee3753539716ed79c4d7daa4345ad387.
[2023-09-11 22:28:26] [INFO    ] discord.gateway: Shard ID None has successfully RESUMED session ee3753539716ed79c4d7daa4345ad387.
[2023-09-12 02:09:38] [INFO    ] discord.gateway: Shard ID None has successfully RESUMED session ee3753539716ed79c4d7daa4345ad387.
[2023-09-12 04:58:33] [INFO    ] discord.gateway: Shard ID None has successfully RESUMED session ee3753539716ed79c4d7daa4345ad387.
[2023-09-12 06:41:18] [INFO    ] discord.gateway: Shard ID None has successfully RESUMED session ee3753539716ed79c4d7daa4345ad387.
[2023-09-12 08:42:30] [INFO    ] discord.gateway: Shard ID None has successfully RESUMED session ee3753539716ed79c4d7daa4345ad387.
[2023-09-12 12:29:06] [INFO    ] discord.gateway: Shard ID None has successfully RESUMED session ee3753539716ed79c4d7daa4345ad387.
[2023-09-12 16:20:13] [INFO    ] discord.gateway: Shard ID None has successfully RESUMED session ee3753539716ed79c4d7daa4345ad387.
[2023-09-12 18:18:15] [INFO    ] discord.gateway: Shard ID None has successfully RESUMED session ee3753539716ed79c4d7daa4345ad387.
[2023-09-12 19:31:43] [INFO    ] discord.gateway: Shard ID None has successfully RESUMED session ee3753539716ed79c4d7daa4345ad387.
[2023-09-12 21:02:47] [INFO    ] discord.gateway: Shard ID None has successfully RESUMED session ee3753539716ed79c4d7daa4345ad387.
[2023-09-12 22:10:41] [INFO    ] discord.gateway: Shard ID None has successfully RESUMED session ee3753539716ed79c4d7daa4345ad387.
[2023-09-13 01:37:22] [INFO    ] discord.gateway: Shard ID None has successfully RESUMED session ee3753539716ed79c4d7daa4345ad387.
[2023-09-13 04:05:56] [INFO    ] discord.gateway: Shard ID None has successfully RESUMED session ee3753539716ed79c4d7daa4345ad387.
[2023-09-13 05:53:06] [INFO    ] discord.gateway: Shard ID None has successfully RESUMED session ee3753539716ed79c4d7daa4345ad387.
[2023-09-13 09:28:00] [INFO    ] discord.gateway: Shard ID None has successfully RESUMED session ee3753539716ed79c4d7daa4345ad387.
[2023-09-13 11:14:32] [INFO    ] discord.gateway: Shard ID None has successfully RESUMED session ee3753539716ed79c4d7daa4345ad387.
[2023-09-13 13:27:33] [INFO    ] discord.gateway: Shard ID None has successfully RESUMED session ee3753539716ed79c4d7daa4345ad387.
[2023-09-13 14:15:53] [INFO    ] discord.gateway: Shard ID None has successfully RESUMED session ee3753539716ed79c4d7daa4345ad387.
[2023-09-13 15:34:01] [INFO    ] discord.gateway: Shard ID None has successfully RESUMED session ee3753539716ed79c4d7daa4345ad387.
[2023-09-13 17:28:14] [INFO    ] discord.gateway: Shard ID None has successfully RESUMED session ee3753539716ed79c4d7daa4345ad387.
[2023-09-13 17:44:30] [INFO    ] discord.gateway: Shard ID None has successfully RESUMED session ee3753539716ed79c4d7daa4345ad387.
[2023-09-13 17:51:15] [INFO    ] discord.gateway: Shard ID None has successfully RESUMED session ee3753539716ed79c4d7daa4345ad387.
[2023-09-13 21:44:33] [INFO    ] discord.gateway: Shard ID None has successfully RESUMED session ee3753539716ed79c4d7daa4345ad387.
[2023-09-14 00:51:34] [INFO    ] discord.gateway: Shard ID None has successfully RESUMED session ee3753539716ed79c4d7daa4345ad387.
[2023-09-14 01:26:43] [INFO    ] discord.gateway: Shard ID None has successfully RESUMED session ee3753539716ed79c4d7daa4345ad387.
[2023-09-14 03:16:35] [INFO    ] discord.gateway: Shard ID None has successfully RESUMED session ee3753539716ed79c4d7daa4345ad387.
[2023-09-14 05:51:21] [INFO    ] discord.gateway: Shard ID None has successfully RESUMED session ee3753539716ed79c4d7daa4345ad387.
[2023-09-14 07:36:57] [INFO    ] discord.gateway: Shard ID None has successfully RESUMED session ee3753539716ed79c4d7daa4345ad387.
[2023-09-14 08:42:11] [INFO    ] discord.gateway: Shard ID None has successfully RESUMED session ee3753539716ed79c4d7daa4345ad387.
[2023-09-14 12:05:45] [INFO    ] discord.gateway: Shard ID None has successfully RESUMED session ee3753539716ed79c4d7daa4345ad387.
[2023-09-14 14:16:30] [INFO    ] discord.gateway: Shard ID None has successfully RESUMED session ee3753539716ed79c4d7daa4345ad387.
[2023-09-14 16:52:34] [INFO    ] discord.gateway: Shard ID None has successfully RESUMED session ee3753539716ed79c4d7daa4345ad387.
[2023-09-14 17:09:47] [INFO    ] discord.gateway: Shard ID None has successfully RESUMED session ee3753539716ed79c4d7daa4345ad387.
[2023-09-14 20:19:22] [INFO    ] discord.gateway: Shard ID None has successfully RESUMED session ee3753539716ed79c4d7daa4345ad387.
[2023-09-14 23:14:44] [INFO    ] discord.gateway: Shard ID None has successfully RESUMED session ee3753539716ed79c4d7daa4345ad387.
[2023-09-15 01:42:17] [INFO    ] discord.gateway: Shard ID None has successfully RESUMED session ee3753539716ed79c4d7daa4345ad387.
[2023-09-15 02:39:47] [INFO    ] discord.gateway: Shard ID None has successfully RESUMED session ee3753539716ed79c4d7daa4345ad387.
[2023-09-15 03:03:53] [INFO    ] discord.gateway: Shard ID None has successfully RESUMED session ee3753539716ed79c4d7daa4345ad387.
[2023-09-15 03:11:58] [INFO    ] discord.gateway: Shard ID None has successfully RESUMED session ee3753539716ed79c4d7daa4345ad387.
[2023-09-15 04:42:34] [INFO    ] discord.gateway: Shard ID None has successfully RESUMED session ee3753539716ed79c4d7daa4345ad387.
[2023-09-15 06:39:04] [INFO    ] discord.gateway: Shard ID None has successfully RESUMED session ee3753539716ed79c4d7daa4345ad387.
[2023-09-15 08:30:50] [INFO    ] discord.gateway: Shard ID None has successfully RESUMED session ee3753539716ed79c4d7daa4345ad387.
[2023-09-15 09:51:24] [INFO    ] discord.gateway: Shard ID None has successfully RESUMED session ee3753539716ed79c4d7daa4345ad387.
[2023-09-15 11:55:38] [INFO    ] discord.gateway: Shard ID None has successfully RESUMED session ee3753539716ed79c4d7daa4345ad387.
[2023-09-15 12:45:39] [INFO    ] discord.gateway: Shard ID None has successfully RESUMED session ee3753539716ed79c4d7daa4345ad387.
[2023-09-15 13:21:08] [INFO    ] discord.gateway: Shard ID None has successfully RESUMED session ee3753539716ed79c4d7daa4345ad387.
[2023-09-15 13:41:11] [INFO    ] discord.gateway: Shard ID None has successfully RESUMED session ee3753539716ed79c4d7daa4345ad387.
[2023-09-15 13:43:45] [INFO    ] discord.gateway: Shard ID None has successfully RESUMED session ee3753539716ed79c4d7daa4345ad387.
[2023-09-15 15:02:31] [INFO    ] discord.gateway: Shard ID None has successfully RESUMED session ee3753539716ed79c4d7daa4345ad387.
[2023-09-15 15:36:28] [INFO    ] discord.gateway: Shard ID None has successfully RESUMED session ee3753539716ed79c4d7daa4345ad387.
[2023-09-15 16:48:05] [INFO    ] discord.gateway: Shard ID None has successfully RESUMED session ee3753539716ed79c4d7daa4345ad387.
[2023-09-15 17:18:32] [INFO    ] discord.gateway: Shard ID None has successfully RESUMED session ee3753539716ed79c4d7daa4345ad387.
[2023-09-15 19:42:43] [INFO    ] discord.gateway: Shard ID None has successfully RESUMED session ee3753539716ed79c4d7daa4345ad387.
[2023-09-15 20:10:41] [INFO    ] discord.gateway: Shard ID None has successfully RESUMED session ee3753539716ed79c4d7daa4345ad387.
[2023-09-15 23:43:15] [INFO    ] discord.gateway: Shard ID None has successfully RESUMED session ee3753539716ed79c4d7daa4345ad387.
[2023-09-16 01:25:59] [INFO    ] discord.gateway: Shard ID None has successfully RESUMED session ee3753539716ed79c4d7daa4345ad387.
[2023-09-16 02:22:41] [INFO    ] discord.gateway: Shard ID None has successfully RESUMED session ee3753539716ed79c4d7daa4345ad387.
[2023-09-16 03:44:37] [INFO    ] discord.gateway: Shard ID None has successfully RESUMED session ee3753539716ed79c4d7daa4345ad387.
[2023-09-16 07:44:28] [INFO    ] discord.gateway: Shard ID None has successfully RESUMED session ee3753539716ed79c4d7daa4345ad387.
[2023-09-16 08:50:47] [INFO    ] discord.gateway: Shard ID None has successfully RESUMED session ee3753539716ed79c4d7daa4345ad387.
[2023-09-16 10:27:30] [INFO    ] discord.gateway: Shard ID None has successfully RESUMED session ee3753539716ed79c4d7daa4345ad387.
[2023-09-16 12:47:52] [INFO    ] discord.gateway: Shard ID None has successfully RESUMED session ee3753539716ed79c4d7daa4345ad387.
[2023-09-16 14:01:18] [INFO    ] discord.gateway: Shard ID None has successfully RESUMED session ee3753539716ed79c4d7daa4345ad387.
[2023-09-16 16:10:12] [INFO    ] discord.gateway: Shard ID None has successfully RESUMED session ee3753539716ed79c4d7daa4345ad387.
[2023-09-16 17:39:35] [INFO    ] discord.gateway: Shard ID None has successfully RESUMED session ee3753539716ed79c4d7daa4345ad387.
[2023-09-16 18:44:00] [INFO    ] discord.gateway: Shard ID None has successfully RESUMED session ee3753539716ed79c4d7daa4345ad387.
[2023-09-16 21:20:43] [INFO    ] discord.gateway: Shard ID None has successfully RESUMED session ee3753539716ed79c4d7daa4345ad387.
[2023-09-16 22:32:23] [INFO    ] discord.gateway: Shard ID None has successfully RESUMED session ee3753539716ed79c4d7daa4345ad387.
[2023-09-16 23:53:08] [INFO    ] discord.gateway: Shard ID None has successfully RESUMED session ee3753539716ed79c4d7daa4345ad387.
[2023-09-17 03:17:19] [INFO    ] discord.gateway: Shard ID None has successfully RESUMED session ee3753539716ed79c4d7daa4345ad387.
[2023-09-17 06:41:52] [INFO    ] discord.gateway: Shard ID None has successfully RESUMED session ee3753539716ed79c4d7daa4345ad387.
[2023-09-17 09:57:27] [INFO    ] discord.gateway: Shard ID None has successfully RESUMED session ee3753539716ed79c4d7daa4345ad387.
[2023-09-17 12:18:08] [INFO    ] discord.gateway: Shard ID None has successfully RESUMED session ee3753539716ed79c4d7daa4345ad387.
[2023-09-17 13:20:50] [INFO    ] discord.gateway: Shard ID None has successfully RESUMED session ee3753539716ed79c4d7daa4345ad387.
[2023-09-17 14:58:21] [INFO    ] discord.gateway: Shard ID None has successfully RESUMED session ee3753539716ed79c4d7daa4345ad387.
[2023-09-17 15:13:57] [INFO    ] discord.gateway: Shard ID None has successfully RESUMED session ee3753539716ed79c4d7daa4345ad387.
[2023-09-17 18:16:48] [INFO    ] discord.gateway: Shard ID None has successfully RESUMED session ee3753539716ed79c4d7daa4345ad387.
[2023-09-17 21:06:01] [INFO    ] discord.gateway: Shard ID None has successfully RESUMED session ee3753539716ed79c4d7daa4345ad387.
[2023-09-17 23:42:33] [INFO    ] discord.gateway: Shard ID None has successfully RESUMED session ee3753539716ed79c4d7daa4345ad387.
[2023-09-18 01:17:15] [INFO    ] discord.gateway: Shard ID None has successfully RESUMED session ee3753539716ed79c4d7daa4345ad387.
[2023-09-18 04:08:01] [INFO    ] discord.gateway: Shard ID None has successfully RESUMED session ee3753539716ed79c4d7daa4345ad387.
[2023-09-18 07:34:19] [INFO    ] discord.gateway: Shard ID None has successfully RESUMED session ee3753539716ed79c4d7daa4345ad387.
[2023-09-18 09:26:08] [INFO    ] discord.gateway: Shard ID None has successfully RESUMED session ee3753539716ed79c4d7daa4345ad387.
[2023-09-18 10:36:55] [INFO    ] discord.gateway: Shard ID None has successfully RESUMED session ee3753539716ed79c4d7daa4345ad387.
[2023-09-18 12:04:59] [INFO    ] discord.gateway: Shard ID None has successfully RESUMED session ee3753539716ed79c4d7daa4345ad387.
[2023-09-18 15:21:35] [INFO    ] discord.gateway: Shard ID None has successfully RESUMED session ee3753539716ed79c4d7daa4345ad387.
[2023-09-18 15:38:24] [INFO    ] discord.gateway: Shard ID None has successfully RESUMED session ee3753539716ed79c4d7daa4345ad387.
[2023-09-18 16:22:59] [INFO    ] discord.gateway: Shard ID None has successfully RESUMED session ee3753539716ed79c4d7daa4345ad387.
[2023-09-18 19:35:46] [INFO    ] discord.gateway: Shard ID None has successfully RESUMED session ee3753539716ed79c4d7daa4345ad387.
[2023-09-18 21:26:50] [INFO    ] discord.gateway: Shard ID None has successfully RESUMED session ee3753539716ed79c4d7daa4345ad387.
[2023-09-18 22:31:21] [INFO    ] discord.gateway: Shard ID None has successfully RESUMED session ee3753539716ed79c4d7daa4345ad387.
[2023-09-19 01:15:52] [INFO    ] discord.gateway: Shard ID None has successfully RESUMED session ee3753539716ed79c4d7daa4345ad387.
[2023-09-19 04:22:09] [INFO    ] discord.gateway: Shard ID None has successfully RESUMED session ee3753539716ed79c4d7daa4345ad387.
[2023-09-19 04:39:16] [INFO    ] discord.gateway: Shard ID None has successfully RESUMED session ee3753539716ed79c4d7daa4345ad387.
[2023-09-19 07:47:29] [INFO    ] discord.gateway: Shard ID None has successfully RESUMED session ee3753539716ed79c4d7daa4345ad387.
[2023-09-19 08:59:57] [INFO    ] discord.gateway: Shard ID None has successfully RESUMED session ee3753539716ed79c4d7daa4345ad387.
[2023-09-19 12:09:17] [INFO    ] discord.gateway: Shard ID None has successfully RESUMED session ee3753539716ed79c4d7daa4345ad387.
[2023-09-19 15:48:23] [INFO    ] discord.gateway: Shard ID None has successfully RESUMED session ee3753539716ed79c4d7daa4345ad387.
[2023-09-19 17:45:38] [INFO    ] discord.gateway: Shard ID None has successfully RESUMED session ee3753539716ed79c4d7daa4345ad387.
[2023-09-19 18:03:34] [INFO    ] discord.gateway: Shard ID None has successfully RESUMED session ee3753539716ed79c4d7daa4345ad387.
[2023-09-19 18:31:55] [INFO    ] discord.gateway: Shard ID None has successfully RESUMED session ee3753539716ed79c4d7daa4345ad387.
[2023-09-19 20:29:52] [INFO    ] discord.gateway: Shard ID None has successfully RESUMED session ee3753539716ed79c4d7daa4345ad387.
[2023-09-19 21:01:30] [INFO    ] discord.gateway: Shard ID None has successfully RESUMED session ee3753539716ed79c4d7daa4345ad387.
[2023-09-19 22:00:44] [INFO    ] discord.gateway: Shard ID None has successfully RESUMED session ee3753539716ed79c4d7daa4345ad387.
[2023-09-19 22:37:54] [INFO    ] discord.gateway: Shard ID None has successfully RESUMED session ee3753539716ed79c4d7daa4345ad387.
[2023-09-19 22:55:56] [INFO    ] discord.gateway: Shard ID None has successfully RESUMED session ee3753539716ed79c4d7daa4345ad387.
[2023-09-19 23:30:43] [INFO    ] discord.gateway: Shard ID None has successfully RESUMED session ee3753539716ed79c4d7daa4345ad387.
[2023-09-20 00:22:34] [INFO    ] discord.gateway: Shard ID None has successfully RESUMED session ee3753539716ed79c4d7daa4345ad387.
[2023-09-20 01:07:41] [INFO    ] discord.gateway: Shard ID None has successfully RESUMED session ee3753539716ed79c4d7daa4345ad387.
[2023-09-20 02:57:47] [INFO    ] discord.gateway: Shard ID None has successfully RESUMED session ee3753539716ed79c4d7daa4345ad387.
[2023-09-20 03:22:06] [INFO    ] discord.gateway: Shard ID None has successfully RESUMED session ee3753539716ed79c4d7daa4345ad387.
[2023-09-20 06:20:24] [INFO    ] discord.gateway: Shard ID None has successfully RESUMED session ee3753539716ed79c4d7daa4345ad387.
[2023-09-20 07:07:45] [INFO    ] discord.gateway: Shard ID None has successfully RESUMED session ee3753539716ed79c4d7daa4345ad387.
[2023-09-20 07:54:36] [INFO    ] discord.gateway: Shard ID None has successfully RESUMED session ee3753539716ed79c4d7daa4345ad387.
[2023-09-20 08:21:48] [INFO    ] discord.gateway: Shard ID None has successfully RESUMED session ee3753539716ed79c4d7daa4345ad387.
[2023-09-20 11:44:19] [INFO    ] discord.gateway: Shard ID None has successfully RESUMED session ee3753539716ed79c4d7daa4345ad387.
[2023-09-20 14:05:49] [INFO    ] discord.gateway: Shard ID None has successfully RESUMED session ee3753539716ed79c4d7daa4345ad387.
[2023-09-20 15:02:32] [INFO    ] discord.gateway: Shard ID None has successfully RESUMED session ee3753539716ed79c4d7daa4345ad387.
[2023-09-20 16:40:14] [INFO    ] discord.gateway: Shard ID None has successfully RESUMED session ee3753539716ed79c4d7daa4345ad387.
[2023-09-20 18:14:26] [INFO    ] discord.gateway: Shard ID None has successfully RESUMED session ee3753539716ed79c4d7daa4345ad387.
[2023-09-20 19:00:47] [INFO    ] discord.gateway: Shard ID None has successfully RESUMED session ee3753539716ed79c4d7daa4345ad387.
[2023-09-20 21:36:02] [INFO    ] discord.gateway: Shard ID None has successfully RESUMED session ee3753539716ed79c4d7daa4345ad387.
[2023-09-20 21:44:31] [INFO    ] discord.gateway: Shard ID None has successfully RESUMED session ee3753539716ed79c4d7daa4345ad387.
[2023-09-20 23:33:52] [INFO    ] discord.gateway: Shard ID None has successfully RESUMED session ee3753539716ed79c4d7daa4345ad387.
[2023-09-21 00:03:53] [INFO    ] discord.gateway: Shard ID None has successfully RESUMED session ee3753539716ed79c4d7daa4345ad387.
[2023-09-21 00:08:26] [INFO    ] discord.gateway: Shard ID None has successfully RESUMED session ee3753539716ed79c4d7daa4345ad387.
[2023-09-21 01:12:44] [INFO    ] discord.gateway: Shard ID None has successfully RESUMED session ee3753539716ed79c4d7daa4345ad387.
[2023-09-21 01:31:06] [INFO    ] discord.gateway: Shard ID None has successfully RESUMED session ee3753539716ed79c4d7daa4345ad387.
[2023-09-21 02:41:08] [INFO    ] discord.gateway: Shard ID None has successfully RESUMED session ee3753539716ed79c4d7daa4345ad387.
[2023-09-21 03:45:17] [INFO    ] discord.gateway: Shard ID None has successfully RESUMED session ee3753539716ed79c4d7daa4345ad387.
[2023-09-21 05:11:11] [INFO    ] discord.gateway: Shard ID None has successfully RESUMED session ee3753539716ed79c4d7daa4345ad387.
[2023-09-21 05:26:13] [INFO    ] discord.gateway: Shard ID None has successfully RESUMED session ee3753539716ed79c4d7daa4345ad387.
[2023-09-21 07:36:31] [INFO    ] discord.gateway: Shard ID None has successfully RESUMED session ee3753539716ed79c4d7daa4345ad387.
[2023-09-21 11:10:28] [INFO    ] discord.gateway: Shard ID None has successfully RESUMED session ee3753539716ed79c4d7daa4345ad387.
[2023-09-21 11:13:18] [INFO    ] discord.gateway: Shard ID None has successfully RESUMED session ee3753539716ed79c4d7daa4345ad387.
[2023-09-21 12:57:50] [INFO    ] discord.gateway: Shard ID None has successfully RESUMED session ee3753539716ed79c4d7daa4345ad387.
[2023-09-21 13:11:17] [INFO    ] discord.gateway: Shard ID None has successfully RESUMED session ee3753539716ed79c4d7daa4345ad387.
[2023-09-21 16:03:30] [INFO    ] discord.gateway: Shard ID None has successfully RESUMED session ee3753539716ed79c4d7daa4345ad387.
[2023-09-21 16:21:43] [INFO    ] discord.gateway: Shard ID None has successfully RESUMED session ee3753539716ed79c4d7daa4345ad387.
[2023-09-21 16:57:24] [INFO    ] discord.gateway: Shard ID None has successfully RESUMED session ee3753539716ed79c4d7daa4345ad387.
[2023-09-21 20:02:41] [INFO    ] discord.gateway: Shard ID None has successfully RESUMED session ee3753539716ed79c4d7daa4345ad387.
[2023-09-21 20:09:33] [INFO    ] discord.gateway: Shard ID None has successfully RESUMED session ee3753539716ed79c4d7daa4345ad387.
[2023-09-21 20:39:12] [INFO    ] discord.gateway: Shard ID None has successfully RESUMED session ee3753539716ed79c4d7daa4345ad387.
[2023-09-21 21:47:16] [INFO    ] discord.gateway: Shard ID None has successfully RESUMED session ee3753539716ed79c4d7daa4345ad387.
